2016-10-25T06:14:14.268Z - info: NTBMockService:app/ NTBMockService app started. Listen on port: 8000
2016-10-25T06:46:50.765Z - info: NTBMockService:app/ NTBMockService app started. Listen on port: 8000
2016-10-25T06:46:50.767Z - info: NTBMockService:util/createLoggerDir - Logs dir is exists
2016-10-25T06:48:10.025Z - info: ================================================================================================
2016-10-25T06:48:10.026Z - info: NTBMockService:system_end_points/createSystemEndPoints - [GET/ntb/system/status]
2016-10-25T06:48:10.026Z - info: NTBMockService:services/getSystemStatus - Get current system status
2016-10-25T06:49:15.990Z - info: NTBMockService:app/ NTBMockService app started. Listen on port: 8000
2016-10-25T06:49:15.992Z - info: NTBMockService:util/createLoggerDir - Logs dir is exists
2016-10-25T06:49:22.481Z - info: ================================================================================================
2016-10-25T06:49:22.481Z - info: NTBMockService:system_end_points/createSystemEndPoints - [GET/ntb/system/status]
2016-10-25T06:49:22.482Z - info: NTBMockService:services/getSystemStatus - Get current system status
2016-10-25T06:49:22.567Z - info: NTBMockService:util/sendResponse - [200] success response sent
2016-10-25T06:51:40.919Z - info: ================================================================================================
2016-10-25T06:51:40.920Z - info: NTBMockService:system_end_points/createSystemEndPoints - [GET/ntb/system/status]
2016-10-25T06:51:40.920Z - info: NTBMockService:services/getSystemStatus - Get current system status
2016-10-25T06:51:40.957Z - info: NTBMockService:util/sendResponse - [200] success response sent
2016-10-25T06:52:02.528Z - info: ================================================================================================
2016-10-25T06:52:02.528Z - info: NTBMockService:system_end_points/createSystemEndPoints - [GET/ntb/system/status]
2016-10-25T06:52:02.528Z - info: NTBMockService:services/getSystemStatus - Get current system status
2016-10-25T06:52:02.529Z - info: NTBMockService:util/sendResponse - [200] success response sent
2016-10-25T08:49:28.353Z - info: NTBMockService:app/ NTBMockService app started. Listen on port: 8000
2016-10-25T08:49:28.355Z - info: NTBMockService:util/createLoggerDir - Logs dir is exists
2016-10-25T08:49:34.396Z - info: ================================================================================================
2016-10-25T08:49:34.396Z - info: NTBMockService:system_end_points/createSystemEndPoints - [GET/ntb/system/status]
2016-10-25T08:49:34.397Z - info: NTBMockService:services/getSystemStatus - Get current system status
2016-10-25T08:49:34.443Z - info: NTBMockService:util/sendResponse - [200] success response sent
2016-10-25T08:49:41.687Z - info: ================================================================================================
2016-10-25T08:49:41.687Z - info: NTBMockService:system_end_points/createSystemEndPoints - [GET/ntb/atms]
2016-10-25T08:49:41.687Z - info: NTBMockService:services/getNTBAtmLocations - Get ATM locations
2016-10-25T08:49:41.723Z - info: NTBMockService:util/sendResponse - [200] success response sent
2016-10-25T08:51:27.280Z - info: ================================================================================================
2016-10-25T08:51:27.280Z - info: NTBMockService:system_end_points/createSystemEndPoints - [GET/ntb/gas_stations]
2016-10-25T08:51:27.280Z - info: NTBMockService:services/getFuelStationLocations - Get fuel stations locations
2016-10-25T08:51:27.332Z - info: NTBMockService:util/sendResponse - [200] success response sent
2016-10-25T11:49:49.440Z - info: NTBMockService:app/ NTBMockService app started. Listen on port: 8000
2016-10-25T11:49:49.441Z - info: NTBMockService:util/createLoggerDir - Logs dir is exists
2016-10-25T11:50:42.661Z - info: ================================================================================================
2016-10-25T11:50:42.662Z - info: NTBMockService:system_end_points/createSystemEndPoints - [GET/demo/sample_list]
2016-10-25T11:50:42.663Z - info: NTBMockService:services/getFuelStationLocations - Get fuel stations locations
2016-10-25T11:50:42.740Z - info: NTBMockService:util/sendResponse - [200] success response sent
2016-10-25T11:51:03.432Z - info: NTBMockService:app/ NTBMockService app started. Listen on port: 8000
2016-10-25T11:51:03.433Z - info: NTBMockService:util/createLoggerDir - Logs dir is exists
2016-10-25T11:51:10.119Z - info: ================================================================================================
2016-10-25T11:51:10.120Z - info: NTBMockService:system_end_points/createSystemEndPoints - [GET/demo/sample_list]
2016-10-25T11:51:10.120Z - info: NTBMockService:services/getSampleDatList - Get sample data list
2016-10-25T11:51:10.152Z - info: NTBMockService:util/sendResponse - [200] success response sent
